

Started GET "/" for 127.0.0.1 at 2016-05-04 01:57:04 +0530
Processing by WelcomeController#index as HTML
  Rendered welcome/index.html.erb within layouts/application (2.5ms)
Completed 200 OK in 1328ms (Views: 1312.4ms | ActiveRecord: 0.0ms)
  [1m[36m (135.8ms)[0m  [1mCREATE TABLE "schema_migrations" ("version" varchar NOT NULL) [0m
  [1m[35m (0.1ms)[0m  select sqlite_version(*)
  [1m[36m (99.7ms)[0m  [1mCREATE UNIQUE INDEX "unique_schema_migrations" ON "schema_migrations" ("version")[0m
  [1m[35mActiveRecord::SchemaMigration Load (0.1ms)[0m  SELECT "schema_migrations".* FROM "schema_migrations"
Migrating to DeviseCreateUsers (20160503203117)
  [1m[36m (0.2ms)[0m  [1mbegin transaction[0m
  [1m[35m (0.6ms)[0m  CREATE TABLE "users" ("id" INTEGER PRIMARY KEY AUTOINCREMENT NOT NULL, "email" varchar DEFAULT '' NOT NULL, "encrypted_password" varchar DEFAULT '' NOT NULL, "reset_password_token" varchar, "reset_password_sent_at" datetime, "remember_created_at" datetime, "sign_in_count" integer DEFAULT 0 NOT NULL, "current_sign_in_at" datetime, "last_sign_in_at" datetime, "current_sign_in_ip" varchar, "last_sign_in_ip" varchar, "created_at" datetime NOT NULL, "updated_at" datetime NOT NULL) 
  [1m[36m (0.3ms)[0m  [1mCREATE UNIQUE INDEX "index_users_on_email" ON "users" ("email")[0m
  [1m[35m (0.1ms)[0m              SELECT sql
            FROM sqlite_master
            WHERE name='index_users_on_email' AND type='index'
            UNION ALL
            SELECT sql
            FROM sqlite_temp_master
            WHERE name='index_users_on_email' AND type='index'

  [1m[36m (0.2ms)[0m  [1mCREATE UNIQUE INDEX "index_users_on_reset_password_token" ON "users" ("reset_password_token")[0m
  [1m[35mSQL (0.3ms)[0m  INSERT INTO "schema_migrations" ("version") VALUES (?)  [["version", "20160503203117"]]
  [1m[36m (124.2ms)[0m  [1mcommit transaction[0m
  [1m[35mActiveRecord::SchemaMigration Load (0.1ms)[0m  SELECT "schema_migrations".* FROM "schema_migrations"
  [1m[36m (0.1ms)[0m  [1m            SELECT sql
            FROM sqlite_master
            WHERE name='index_users_on_reset_password_token' AND type='index'
            UNION ALL
            SELECT sql
            FROM sqlite_temp_master
            WHERE name='index_users_on_reset_password_token' AND type='index'
[0m
  [1m[35m (0.1ms)[0m              SELECT sql
            FROM sqlite_master
            WHERE name='index_users_on_email' AND type='index'
            UNION ALL
            SELECT sql
            FROM sqlite_temp_master
            WHERE name='index_users_on_email' AND type='index'



Started GET "/" for 127.0.0.1 at 2016-05-04 02:05:41 +0530
  [1m[36mActiveRecord::SchemaMigration Load (0.2ms)[0m  [1mSELECT "schema_migrations".* FROM "schema_migrations"[0m
Processing by WelcomeController#index as HTML
Completed 401 Unauthorized in 19ms (ActiveRecord: 0.0ms)


Started GET "/users/sign_in" for 127.0.0.1 at 2016-05-04 02:05:41 +0530
Processing by Devise::SessionsController#new as HTML
  Rendered /home/nithin/.rvm/gems/ruby-2.1.2/gems/devise-4.0.1/app/views/devise/shared/_links.html.erb (15.5ms)
  Rendered /home/nithin/.rvm/gems/ruby-2.1.2/gems/devise-4.0.1/app/views/devise/sessions/new.html.erb within layouts/application (66.3ms)
Completed 200 OK in 381ms (Views: 326.6ms | ActiveRecord: 1.0ms)


Started GET "/assets/welcome.self-e3b0c44298fc1c149afbf4c8996fb92427ae41e4649b934ca495991b7852b855.css?body=1" for 127.0.0.1 at 2016-05-04 02:05:41 +0530


Started GET "/assets/jquery_ujs.self-e87806d0cf4489aeb1bb7288016024e8de67fd18db693fe026fe3907581e53cd.js?body=1" for 127.0.0.1 at 2016-05-04 02:05:41 +0530


Started GET "/assets/jquery.self-660adc51e0224b731d29f575a6f1ec167ba08ad06ed5deca4f1e8654c135bf4c.js?body=1" for 127.0.0.1 at 2016-05-04 02:05:41 +0530


Started GET "/assets/application.self-e80e8f2318043e8af94dddc2adad5a4f09739a8ebb323b3ab31cd71d45fd9113.css?body=1" for 127.0.0.1 at 2016-05-04 02:05:41 +0530


Started GET "/assets/welcome.self-877aef30ae1b040ab8a3aba4e3e309a11d7f2612f44dde450b5c157aa5f95c05.js?body=1" for 127.0.0.1 at 2016-05-04 02:05:41 +0530


Started GET "/assets/turbolinks.self-c37727e9bd6b2735da5c311aa83fead54ed0be6cc8bd9a65309e9c5abe2cbfff.js?body=1" for 127.0.0.1 at 2016-05-04 02:05:42 +0530


Started GET "/assets/application.self-3b8dabdc891efe46b9a144b400ad69e37d7e5876bdc39dee783419a69d7ca819.js?body=1" for 127.0.0.1 at 2016-05-04 02:05:42 +0530


Started GET "/users/sign_up" for 127.0.0.1 at 2016-05-04 02:06:08 +0530
Processing by Devise::RegistrationsController#new as HTML
  Rendered /home/nithin/.rvm/gems/ruby-2.1.2/gems/devise-4.0.1/app/views/devise/shared/_links.html.erb (8.8ms)
  Rendered /home/nithin/.rvm/gems/ruby-2.1.2/gems/devise-4.0.1/app/views/devise/registrations/new.html.erb within layouts/application (21.4ms)
Completed 200 OK in 69ms (Views: 67.3ms | ActiveRecord: 0.0ms)


Started POST "/users" for 127.0.0.1 at 2016-05-04 02:06:21 +0530
Processing by Devise::RegistrationsController#create as HTML
  Parameters: {"utf8"=>"✓", "authenticity_token"=>"4w6aq5eGYoKOFxG5DwgY288aGqMobROQCT13nZ2HkjxXcRXoGEtjQT5lHekPTTZuWUzIP7/E5wlqH8hW+f4zeQ==", "user"=>{"email"=>"nithin@example.com", "password"=>"[FILTERED]", "password_confirmation"=>"[FILTERED]"}, "commit"=>"Sign up"}
  [1m[35m (0.1ms)[0m  begin transaction
  [1m[36mUser Exists (0.5ms)[0m  [1mSELECT  1 AS one FROM "users" WHERE "users"."email" = 'nithin@example.com' LIMIT 1[0m
  [1m[35mSQL (0.5ms)[0m  INSERT INTO "users" ("email", "encrypted_password", "created_at", "updated_at") VALUES (?, ?, ?, ?)  [["email", "nithin@example.com"], ["encrypted_password", "$2a$11$GYsf4SZB/3uQ3Y4Ov6eE0Oz7xphbx8smlOhZn/nbTWOF7GAf0/mxC"], ["created_at", "2016-05-03 20:36:21.722758"], ["updated_at", "2016-05-03 20:36:21.722758"]]
  [1m[36m (136.9ms)[0m  [1mcommit transaction[0m
  [1m[35m (0.1ms)[0m  begin transaction
  [1m[36mSQL (0.5ms)[0m  [1mUPDATE "users" SET "last_sign_in_at" = ?, "current_sign_in_at" = ?, "last_sign_in_ip" = ?, "current_sign_in_ip" = ?, "sign_in_count" = ?, "updated_at" = ? WHERE "users"."id" = ?[0m  [["last_sign_in_at", "2016-05-03 20:36:21.864703"], ["current_sign_in_at", "2016-05-03 20:36:21.864703"], ["last_sign_in_ip", "127.0.0.1"], ["current_sign_in_ip", "127.0.0.1"], ["sign_in_count", 1], ["updated_at", "2016-05-03 20:36:21.865974"], ["id", 1]]
  [1m[35m (101.4ms)[0m  commit transaction
Redirected to http://localhost:3000/
Completed 302 Found in 494ms (ActiveRecord: 240.0ms)


Started GET "/" for 127.0.0.1 at 2016-05-04 02:06:22 +0530
Processing by WelcomeController#index as HTML
  [1m[36mUser Load (0.3ms)[0m  [1mSELECT  "users".* FROM "users" WHERE "users"."id" = ?  ORDER BY "users"."id" ASC LIMIT 1[0m  [["id", 1]]
  Rendered welcome/index.html.erb within layouts/application (0.7ms)
Completed 200 OK in 23ms (Views: 19.5ms | ActiveRecord: 0.3ms)


Started DELETE "/users/sign_out" for 127.0.0.1 at 2016-05-04 02:06:25 +0530
Processing by Devise::SessionsController#destroy as HTML
  Parameters: {"authenticity_token"=>"I4fhXs3tH0ZMb3MLIfUDgVNCuxx6ssOgL/h6e3dbTq2X+G4dQiAehfwdf1shsC00xRRpgO0bNzlM2sWwEyLv6A=="}
  [1m[35mUser Load (0.2ms)[0m  SELECT  "users".* FROM "users" WHERE "users"."id" = ?  ORDER BY "users"."id" ASC LIMIT 1  [["id", 1]]
  [1m[36m (0.1ms)[0m  [1mbegin transaction[0m
  [1m[35m (0.1ms)[0m  commit transaction
Redirected to http://localhost:3000/
Completed 302 Found in 9ms (ActiveRecord: 0.4ms)


Started GET "/" for 127.0.0.1 at 2016-05-04 02:06:25 +0530
Processing by WelcomeController#index as HTML
Completed 401 Unauthorized in 1ms (ActiveRecord: 0.0ms)


Started GET "/users/sign_in" for 127.0.0.1 at 2016-05-04 02:06:25 +0530
Processing by Devise::SessionsController#new as HTML
  Rendered /home/nithin/.rvm/gems/ruby-2.1.2/gems/devise-4.0.1/app/views/devise/shared/_links.html.erb (5.0ms)
  Rendered /home/nithin/.rvm/gems/ruby-2.1.2/gems/devise-4.0.1/app/views/devise/sessions/new.html.erb within layouts/application (11.6ms)
Completed 200 OK in 32ms (Views: 30.4ms | ActiveRecord: 0.0ms)


Started POST "/users/sign_in" for 127.0.0.1 at 2016-05-04 02:06:31 +0530
Processing by Devise::SessionsController#create as HTML
  Parameters: {"utf8"=>"✓", "authenticity_token"=>"dDN2lOTbBFStrUvhOasC5zK1lAcBOXvkQObSmUdQ13zQbr/THsJvFd2EF/UBa8okNFeOjjRAUUKLOYO7WIDu+w==", "user"=>{"email"=>"nithin@example.com", "password"=>"[FILTERED]", "remember_me"=>"0"}, "commit"=>"Log in"}
  [1m[36mUser Load (0.6ms)[0m  [1mSELECT  "users".* FROM "users" WHERE "users"."email" = ?  ORDER BY "users"."id" ASC LIMIT 1[0m  [["email", "nithin@example.com"]]
  [1m[35m (0.1ms)[0m  begin transaction
  [1m[36mSQL (0.3ms)[0m  [1mUPDATE "users" SET "current_sign_in_at" = ?, "sign_in_count" = ?, "updated_at" = ? WHERE "users"."id" = ?[0m  [["current_sign_in_at", "2016-05-03 20:36:31.340033"], ["sign_in_count", 2], ["updated_at", "2016-05-03 20:36:31.341052"], ["id", 1]]
  [1m[35m (95.4ms)[0m  commit transaction
Redirected to http://localhost:3000/
Completed 302 Found in 312ms (ActiveRecord: 96.4ms)


Started GET "/" for 127.0.0.1 at 2016-05-04 02:06:31 +0530
Processing by WelcomeController#index as HTML
  [1m[36mUser Load (0.1ms)[0m  [1mSELECT  "users".* FROM "users" WHERE "users"."id" = ?  ORDER BY "users"."id" ASC LIMIT 1[0m  [["id", 1]]
  Rendered welcome/index.html.erb within layouts/application (0.3ms)
Completed 200 OK in 18ms (Views: 16.1ms | ActiveRecord: 0.1ms)


Started GET "/users/sign_out" for 127.0.0.1 at 2016-05-04 02:14:39 +0530
  [1m[36mActiveRecord::SchemaMigration Load (0.2ms)[0m  [1mSELECT "schema_migrations".* FROM "schema_migrations"[0m

ActionController::RoutingError (No route matches [GET] "/users/sign_out"):
  actionpack (4.2.5) lib/action_dispatch/middleware/debug_exceptions.rb:21:in `call'
  web-console (2.3.0) lib/web_console/middleware.rb:28:in `block in call'
  web-console (2.3.0) lib/web_console/middleware.rb:18:in `catch'
  web-console (2.3.0) lib/web_console/middleware.rb:18:in `call'
  actionpack (4.2.5) lib/action_dispatch/middleware/show_exceptions.rb:30:in `call'
  railties (4.2.5) lib/rails/rack/logger.rb:38:in `call_app'
  railties (4.2.5) lib/rails/rack/logger.rb:20:in `block in call'
  activesupport (4.2.5) lib/active_support/tagged_logging.rb:68:in `block in tagged'
  activesupport (4.2.5) lib/active_support/tagged_logging.rb:26:in `tagged'
  activesupport (4.2.5) lib/active_support/tagged_logging.rb:68:in `tagged'
  railties (4.2.5) lib/rails/rack/logger.rb:20:in `call'
  actionpack (4.2.5) lib/action_dispatch/middleware/request_id.rb:21:in `call'
  rack (1.6.4) lib/rack/methodoverride.rb:22:in `call'
  rack (1.6.4) lib/rack/runtime.rb:18:in `call'
  activesupport (4.2.5) lib/active_support/cache/strategy/local_cache_middleware.rb:28:in `call'
  rack (1.6.4) lib/rack/lock.rb:17:in `call'
  actionpack (4.2.5) lib/action_dispatch/middleware/static.rb:116:in `call'
  rack (1.6.4) lib/rack/sendfile.rb:113:in `call'
  railties (4.2.5) lib/rails/engine.rb:518:in `call'
  railties (4.2.5) lib/rails/application.rb:165:in `call'
  rack (1.6.4) lib/rack/lock.rb:17:in `call'
  rack (1.6.4) lib/rack/content_length.rb:15:in `call'
  rack (1.6.4) lib/rack/handler/webrick.rb:88:in `service'
  /home/nithin/.rvm/rubies/ruby-2.1.2/lib/ruby/2.1.0/webrick/httpserver.rb:138:in `service'
  /home/nithin/.rvm/rubies/ruby-2.1.2/lib/ruby/2.1.0/webrick/httpserver.rb:94:in `run'
  /home/nithin/.rvm/rubies/ruby-2.1.2/lib/ruby/2.1.0/webrick/server.rb:295:in `block in start_thread'


  Rendered /home/nithin/.rvm/gems/ruby-2.1.2/gems/actionpack-4.2.5/lib/action_dispatch/middleware/templates/rescues/_trace.html.erb (1.9ms)
  Rendered /home/nithin/.rvm/gems/ruby-2.1.2/gems/actionpack-4.2.5/lib/action_dispatch/middleware/templates/routes/_route.html.erb (1.8ms)
  Rendered /home/nithin/.rvm/gems/ruby-2.1.2/gems/actionpack-4.2.5/lib/action_dispatch/middleware/templates/routes/_table.html.erb (16.4ms)
  Rendered /home/nithin/.rvm/gems/ruby-2.1.2/gems/actionpack-4.2.5/lib/action_dispatch/middleware/templates/rescues/_request_and_response.html.erb (17.9ms)
  Rendered /home/nithin/.rvm/gems/ruby-2.1.2/gems/actionpack-4.2.5/lib/action_dispatch/middleware/templates/rescues/routing_error.html.erb within rescues/layout (108.7ms)
  Rendered /home/nithin/.rvm/gems/ruby-2.1.2/gems/web-console-2.3.0/lib/web_console/templates/_markup.html.erb (0.9ms)
  Rendered /home/nithin/.rvm/gems/ruby-2.1.2/gems/web-console-2.3.0/lib/web_console/templates/_inner_console_markup.html.erb within layouts/inlined_string (0.6ms)
  Rendered /home/nithin/.rvm/gems/ruby-2.1.2/gems/web-console-2.3.0/lib/web_console/templates/_prompt_box_markup.html.erb within layouts/inlined_string (0.5ms)
  Rendered /home/nithin/.rvm/gems/ruby-2.1.2/gems/web-console-2.3.0/lib/web_console/templates/style.css.erb within layouts/inlined_string (0.6ms)
  Rendered /home/nithin/.rvm/gems/ruby-2.1.2/gems/web-console-2.3.0/lib/web_console/templates/console.js.erb within layouts/javascript (119.8ms)
  Rendered /home/nithin/.rvm/gems/ruby-2.1.2/gems/web-console-2.3.0/lib/web_console/templates/main.js.erb within layouts/javascript (0.4ms)
  Rendered /home/nithin/.rvm/gems/ruby-2.1.2/gems/web-console-2.3.0/lib/web_console/templates/error_page.js.erb within layouts/javascript (0.7ms)
  Rendered /home/nithin/.rvm/gems/ruby-2.1.2/gems/web-console-2.3.0/lib/web_console/templates/index.html.erb (140.9ms)


Started GET "/" for 127.0.0.1 at 2016-05-04 02:14:44 +0530
Processing by WelcomeController#index as HTML
  [1m[35mUser Load (0.4ms)[0m  SELECT  "users".* FROM "users" WHERE "users"."id" = ?  ORDER BY "users"."id" ASC LIMIT 1  [["id", 1]]
  Rendered welcome/index.html.erb within layouts/application (1.5ms)
Completed 200 OK in 1191ms (Views: 1148.1ms | ActiveRecord: 1.9ms)


Started GET "/images/favicon.ico" for 127.0.0.1 at 2016-05-04 02:14:45 +0530

ActionController::RoutingError (No route matches [GET] "/images/favicon.ico"):
  actionpack (4.2.5) lib/action_dispatch/middleware/debug_exceptions.rb:21:in `call'
  web-console (2.3.0) lib/web_console/middleware.rb:28:in `block in call'
  web-console (2.3.0) lib/web_console/middleware.rb:18:in `catch'
  web-console (2.3.0) lib/web_console/middleware.rb:18:in `call'
  actionpack (4.2.5) lib/action_dispatch/middleware/show_exceptions.rb:30:in `call'
  railties (4.2.5) lib/rails/rack/logger.rb:38:in `call_app'
  railties (4.2.5) lib/rails/rack/logger.rb:20:in `block in call'
  activesupport (4.2.5) lib/active_support/tagged_logging.rb:68:in `block in tagged'
  activesupport (4.2.5) lib/active_support/tagged_logging.rb:26:in `tagged'
  activesupport (4.2.5) lib/active_support/tagged_logging.rb:68:in `tagged'
  railties (4.2.5) lib/rails/rack/logger.rb:20:in `call'
  actionpack (4.2.5) lib/action_dispatch/middleware/request_id.rb:21:in `call'
  rack (1.6.4) lib/rack/methodoverride.rb:22:in `call'
  rack (1.6.4) lib/rack/runtime.rb:18:in `call'
  activesupport (4.2.5) lib/active_support/cache/strategy/local_cache_middleware.rb:28:in `call'
  rack (1.6.4) lib/rack/lock.rb:17:in `call'
  actionpack (4.2.5) lib/action_dispatch/middleware/static.rb:116:in `call'
  rack (1.6.4) lib/rack/sendfile.rb:113:in `call'
  railties (4.2.5) lib/rails/engine.rb:518:in `call'
  railties (4.2.5) lib/rails/application.rb:165:in `call'
  rack (1.6.4) lib/rack/lock.rb:17:in `call'
  rack (1.6.4) lib/rack/content_length.rb:15:in `call'
  rack (1.6.4) lib/rack/handler/webrick.rb:88:in `service'
  /home/nithin/.rvm/rubies/ruby-2.1.2/lib/ruby/2.1.0/webrick/httpserver.rb:138:in `service'
  /home/nithin/.rvm/rubies/ruby-2.1.2/lib/ruby/2.1.0/webrick/httpserver.rb:94:in `run'
  /home/nithin/.rvm/rubies/ruby-2.1.2/lib/ruby/2.1.0/webrick/server.rb:295:in `block in start_thread'


  Rendered /home/nithin/.rvm/gems/ruby-2.1.2/gems/actionpack-4.2.5/lib/action_dispatch/middleware/templates/rescues/_trace.html.erb (4.4ms)
  Rendered /home/nithin/.rvm/gems/ruby-2.1.2/gems/actionpack-4.2.5/lib/action_dispatch/middleware/templates/routes/_route.html.erb (1.7ms)
  Rendered /home/nithin/.rvm/gems/ruby-2.1.2/gems/actionpack-4.2.5/lib/action_dispatch/middleware/templates/routes/_table.html.erb (1.4ms)
  Rendered /home/nithin/.rvm/gems/ruby-2.1.2/gems/actionpack-4.2.5/lib/action_dispatch/middleware/templates/rescues/_request_and_response.html.erb (4.5ms)
  Rendered /home/nithin/.rvm/gems/ruby-2.1.2/gems/actionpack-4.2.5/lib/action_dispatch/middleware/templates/rescues/routing_error.html.erb within rescues/layout (41.7ms)
  Rendered /home/nithin/.rvm/gems/ruby-2.1.2/gems/web-console-2.3.0/lib/web_console/templates/_markup.html.erb (0.4ms)
  Rendered /home/nithin/.rvm/gems/ruby-2.1.2/gems/web-console-2.3.0/lib/web_console/templates/_inner_console_markup.html.erb within layouts/inlined_string (0.4ms)
  Rendered /home/nithin/.rvm/gems/ruby-2.1.2/gems/web-console-2.3.0/lib/web_console/templates/_prompt_box_markup.html.erb within layouts/inlined_string (0.3ms)
  Rendered /home/nithin/.rvm/gems/ruby-2.1.2/gems/web-console-2.3.0/lib/web_console/templates/style.css.erb within layouts/inlined_string (0.7ms)
  Rendered /home/nithin/.rvm/gems/ruby-2.1.2/gems/web-console-2.3.0/lib/web_console/templates/console.js.erb within layouts/javascript (19.9ms)
  Rendered /home/nithin/.rvm/gems/ruby-2.1.2/gems/web-console-2.3.0/lib/web_console/templates/main.js.erb within layouts/javascript (0.4ms)
  Rendered /home/nithin/.rvm/gems/ruby-2.1.2/gems/web-console-2.3.0/lib/web_console/templates/error_page.js.erb within layouts/javascript (0.4ms)
  Rendered /home/nithin/.rvm/gems/ruby-2.1.2/gems/web-console-2.3.0/lib/web_console/templates/index.html.erb (37.4ms)


Started DELETE "/users/sign_out" for 127.0.0.1 at 2016-05-04 02:15:50 +0530
Processing by Devise::SessionsController#destroy as HTML
  Parameters: {"authenticity_token"=>"VO7RFRlYn4Oqpnveyt5CNRjt0tG8upgeNhb4VIL7jaEBl9GfrlUqNJH6TuE/7m3Rl7+Qp1wkcARkw1J2GAIbXA=="}
  [1m[36mUser Load (0.2ms)[0m  [1mSELECT  "users".* FROM "users" WHERE "users"."id" = ?  ORDER BY "users"."id" ASC LIMIT 1[0m  [["id", 1]]
  [1m[35m (0.1ms)[0m  begin transaction
  [1m[36m (0.1ms)[0m  [1mcommit transaction[0m
Redirected to http://localhost:3000/
Completed 302 Found in 19ms (ActiveRecord: 1.1ms)


Started GET "/" for 127.0.0.1 at 2016-05-04 02:15:51 +0530
Processing by WelcomeController#index as HTML
Completed 401 Unauthorized in 4ms (ActiveRecord: 0.0ms)


Started GET "/users/sign_in" for 127.0.0.1 at 2016-05-04 02:15:51 +0530
Processing by Devise::SessionsController#new as HTML
  Rendered devise/shared/_links.html.erb (15.7ms)
  Rendered devise/sessions/new.html.erb within layouts/application (31.7ms)
Completed 200 OK in 109ms (Views: 105.2ms | ActiveRecord: 0.0ms)


Started GET "/users/sign_up" for 127.0.0.1 at 2016-05-04 02:16:23 +0530
Processing by Devise::RegistrationsController#new as HTML
  Rendered devise/shared/_links.html.erb (9.8ms)
  Rendered devise/registrations/new.html.erb within layouts/application (24.0ms)
Completed 200 OK in 113ms (Views: 109.5ms | ActiveRecord: 0.0ms)


Started POST "/users" for 127.0.0.1 at 2016-05-04 02:16:51 +0530
Processing by Devise::RegistrationsController#create as HTML
  Parameters: {"utf8"=>"✓", "authenticity_token"=>"yztRT+D4fCJjRULzfb8njeQuVa5wmMU7kPwPk4mWHoSXcV86m7YSzJMVWpo8yX/fuloLCAAHLbb2z7ttcY1Law==", "user"=>{"email"=>"bharadhwaj@example.com", "password"=>"[FILTERED]", "password_confirmation"=>"[FILTERED]"}, "commit"=>"Sign up"}
  [1m[35m (0.1ms)[0m  begin transaction
  [1m[36mUser Exists (0.2ms)[0m  [1mSELECT  1 AS one FROM "users" WHERE "users"."email" = 'bharadhwaj@example.com' LIMIT 1[0m
  [1m[35mSQL (0.5ms)[0m  INSERT INTO "users" ("email", "encrypted_password", "created_at", "updated_at") VALUES (?, ?, ?, ?)  [["email", "bharadhwaj@example.com"], ["encrypted_password", "$2a$11$Dh8qbvYl1Z7q63y2XqoQb.su3y7s8uWRPeELuXIn7kXzFTRdvZL7K"], ["created_at", "2016-05-03 20:46:51.965619"], ["updated_at", "2016-05-03 20:46:51.965619"]]
  [1m[36m (101.0ms)[0m  [1mcommit transaction[0m
  [1m[35m (0.1ms)[0m  begin transaction
  [1m[36mSQL (0.4ms)[0m  [1mUPDATE "users" SET "last_sign_in_at" = ?, "current_sign_in_at" = ?, "last_sign_in_ip" = ?, "current_sign_in_ip" = ?, "sign_in_count" = ?, "updated_at" = ? WHERE "users"."id" = ?[0m  [["last_sign_in_at", "2016-05-03 20:46:52.071826"], ["current_sign_in_at", "2016-05-03 20:46:52.071826"], ["last_sign_in_ip", "127.0.0.1"], ["current_sign_in_ip", "127.0.0.1"], ["sign_in_count", 1], ["updated_at", "2016-05-03 20:46:52.072818"], ["id", 2]]
  [1m[35m (93.9ms)[0m  commit transaction
Redirected to http://localhost:3000/
Completed 302 Found in 427ms (ActiveRecord: 196.2ms)


Started GET "/" for 127.0.0.1 at 2016-05-04 02:16:52 +0530
Processing by WelcomeController#index as HTML
  [1m[36mUser Load (0.3ms)[0m  [1mSELECT  "users".* FROM "users" WHERE "users"."id" = ?  ORDER BY "users"."id" ASC LIMIT 1[0m  [["id", 2]]
  Rendered welcome/index.html.erb within layouts/application (0.6ms)
Completed 200 OK in 92ms (Views: 87.2ms | ActiveRecord: 0.3ms)


Started DELETE "/users/sign_out" for 127.0.0.1 at 2016-05-04 02:17:09 +0530
Processing by Devise::SessionsController#destroy as HTML
  Parameters: {"authenticity_token"=>"0+tH4PheJvBMyMzINHlgyN1nMBwc7KuXt4oRrNUcWFKPoUmVgxBIHryY1KF1DziagxNuumxzQxrRuaVSLQcNvQ=="}
  [1m[35mUser Load (0.2ms)[0m  SELECT  "users".* FROM "users" WHERE "users"."id" = ?  ORDER BY "users"."id" ASC LIMIT 1  [["id", 2]]
  [1m[36m (0.2ms)[0m  [1mbegin transaction[0m
  [1m[35m (0.1ms)[0m  commit transaction
Redirected to http://localhost:3000/
Completed 302 Found in 12ms (ActiveRecord: 0.5ms)


Started GET "/" for 127.0.0.1 at 2016-05-04 02:17:09 +0530
Processing by WelcomeController#index as HTML
Completed 401 Unauthorized in 1ms (ActiveRecord: 0.0ms)


Started GET "/users/sign_in" for 127.0.0.1 at 2016-05-04 02:17:09 +0530
Processing by Devise::SessionsController#new as HTML
  Rendered devise/shared/_links.html.erb (8.7ms)
  Rendered devise/sessions/new.html.erb within layouts/application (16.0ms)
Completed 200 OK in 86ms (Views: 84.5ms | ActiveRecord: 0.0ms)


Started POST "/users/sign_in" for 127.0.0.1 at 2016-05-04 02:17:17 +0530
Processing by Devise::SessionsController#create as HTML
  Parameters: {"utf8"=>"✓", "authenticity_token"=>"63LGi/tQJgb9DjZrga5N/O6tcf3DFt3LDru26ZXjQSICXyPBthJ7SjrQrD6yeEr1s17+YrfGbhl+a6G6IPR7vw==", "user"=>{"email"=>"bharadhwaj@example.com", "password"=>"[FILTERED]", "remember_me"=>"0"}, "commit"=>"Sign in"}
  [1m[36mUser Load (0.3ms)[0m  [1mSELECT  "users".* FROM "users" WHERE "users"."email" = ?  ORDER BY "users"."id" ASC LIMIT 1[0m  [["email", "bharadhwaj@example.com"]]
  [1m[35m (0.1ms)[0m  begin transaction
  [1m[36mSQL (0.3ms)[0m  [1mUPDATE "users" SET "current_sign_in_at" = ?, "sign_in_count" = ?, "updated_at" = ? WHERE "users"."id" = ?[0m  [["current_sign_in_at", "2016-05-03 20:47:17.837969"], ["sign_in_count", 2], ["updated_at", "2016-05-03 20:47:17.838966"], ["id", 2]]
  [1m[35m (98.3ms)[0m  commit transaction
Redirected to http://localhost:3000/
Completed 302 Found in 293ms (ActiveRecord: 98.9ms)


Started GET "/" for 127.0.0.1 at 2016-05-04 02:17:17 +0530
Processing by WelcomeController#index as HTML
  [1m[36mUser Load (0.3ms)[0m  [1mSELECT  "users".* FROM "users" WHERE "users"."id" = ?  ORDER BY "users"."id" ASC LIMIT 1[0m  [["id", 2]]
  Rendered welcome/index.html.erb within layouts/application (0.4ms)
Completed 200 OK in 70ms (Views: 66.9ms | ActiveRecord: 0.3ms)
